[2022-08-23 19:40:44,709: INFO: 01_base_model_creation]: 
********************
[2022-08-23 19:40:44,709: INFO: 01_base_model_creation]: >>>>> stage Creating Base Model started <<<<<
[2022-08-23 19:40:44,717: INFO: common]: yaml file: configs/config.yaml loaded successfully
[2022-08-23 19:40:45,419: INFO: 01_base_model_creation]: >>>>> stage Creating Base Model completed!<<<<<

[2022-08-23 19:49:07,924: INFO: 01_base_model_creation]: 
********************
[2022-08-23 19:49:07,925: INFO: 01_base_model_creation]: >>>>> stage Creating Base Model started <<<<<
[2022-08-23 19:49:07,926: INFO: common]: yaml file: configs/config.yaml loaded successfully
[2022-08-23 19:50:01,380: INFO: common]: created directory at: artifacts\models
[2022-08-23 19:50:01,452: ERROR: 01_base_model_creation]: name 'logger' is not defined
Traceback (most recent call last):
  File "src/01_base_model_creation.py", line 73, in <module>
    main(config_path=parsed_args.config)
  File "src/01_base_model_creation.py", line 62, in main
    logger.info(f"base model is saved at {model_file_path}")
NameError: name 'logger' is not defined
[2022-08-23 19:53:21,572: INFO: 01_base_model_creation]: 
********************
[2022-08-23 19:53:21,572: INFO: 01_base_model_creation]: >>>>> stage Creating Base Model started <<<<<
[2022-08-23 19:53:21,577: INFO: common]: yaml file: configs/config.yaml loaded successfully
[2022-08-23 19:54:10,454: INFO: common]: created directory at: artifacts\models
[2022-08-23 19:54:10,536: INFO: 01_base_model_creation]: base model is saved at artifacts\models\base_model.h5
[2022-08-23 19:54:11,987: INFO: 01_base_model_creation]: evaluation metrics [0.10937339067459106, 0.9674000144004822]
[2022-08-23 19:54:12,030: INFO: 01_base_model_creation]: >>>>> stage Creating Base Model completed!<<<<<

[2022-08-25 20:07:06,048: INFO: 02_transfer_learning]: 
********************
[2022-08-25 20:07:06,048: INFO: 02_transfer_learning]: >>>>> stage Transfer Learning started <<<<<
[2022-08-25 20:07:06,056: INFO: common]: yaml file: configs/config.yaml loaded successfully
[2022-08-25 20:07:06,687: ERROR: 02_transfer_learning]: name 'list_of_labels' is not defined
Traceback (most recent call last):
  File "src/02_transfer_learning.py", line 91, in <module>
    main(config_path=parsed_args.config)
  File "src/02_transfer_learning.py", line 38, in main
    y_train_bin,y_test_bin,y_valid_bin = list_of_labels([y_train,y_test,y_valid])
NameError: name 'list_of_labels' is not defined
[2022-08-25 20:08:40,866: INFO: 02_transfer_learning]: 
********************
[2022-08-25 20:08:40,867: INFO: 02_transfer_learning]: >>>>> stage Transfer Learning started <<<<<
[2022-08-25 20:08:40,869: INFO: common]: yaml file: configs/config.yaml loaded successfully
[2022-08-25 20:09:10,801: ERROR: 02_transfer_learning]: name 'model' is not defined
Traceback (most recent call last):
  File "src/02_transfer_learning.py", line 91, in <module>
    main(config_path=parsed_args.config)
  File "src/02_transfer_learning.py", line 74, in main
    model.save(model_file_path)
NameError: name 'model' is not defined
[2022-08-25 20:10:04,214: INFO: 02_transfer_learning]: 
********************
[2022-08-25 20:10:04,215: INFO: 02_transfer_learning]: >>>>> stage Transfer Learning started <<<<<
[2022-08-25 20:10:04,217: INFO: common]: yaml file: configs/config.yaml loaded successfully
[2022-08-25 20:10:34,390: INFO: 02_transfer_learning]: Transfer learned model is saved at artifacts\models\transfer_learned_model.h5
[2022-08-25 20:10:36,036: INFO: 02_transfer_learning]: evaluation metrics [0.10776949673891068, 0.961899995803833]
[2022-08-25 20:10:36,084: INFO: 02_transfer_learning]: >>>>> stage Transfer Learning completed!<<<<<

